<?xml version="1.0" encoding="UTF-8"?>
<testng-results ignored="0" total="1" passed="1" failed="0" skipped="0">
  <reporter-output>
  </reporter-output>
  <suite started-at="2023-05-02T17:41:09 EEST" name="Default suite" finished-at="2023-05-02T17:41:30 EEST" duration-ms="20833">
    <groups>
    </groups>
    <test started-at="2023-05-02T17:41:09 EEST" name="Default test" finished-at="2023-05-02T17:41:30 EEST" duration-ms="20833">
      <class name="MyClass">
        <test-method is-config="true" signature="beforeTest()[pri:0, instance:MyClass@59309333]" started-at="2023-05-02T17:41:09 EEST" name="beforeTest" finished-at="2023-05-02T17:41:09 EEST" duration-ms="23" status="PASS">
          <reporter-output>
          </reporter-output>
        </test-method> <!-- beforeTest -->
        <test-method signature="clickOnEvenNum()[pri:0, instance:MyClass@59309333]" started-at="2023-05-02T17:41:09 EEST" name="clickOnEvenNum" finished-at="2023-05-02T17:41:30 EEST" duration-ms="20762" status="PASS">
          <reporter-output>
          </reporter-output>
        </test-method> <!-- clickOnEvenNum -->
        <test-method is-config="true" signature="afterTest()[pri:0, instance:MyClass@59309333]" started-at="2023-05-02T17:41:30 EEST" name="afterTest" finished-at="2023-05-02T17:41:30 EEST" duration-ms="0" status="PASS">
          <reporter-output>
          </reporter-output>
        </test-method> <!-- afterTest -->
      </class> <!-- MyClass -->
    </test> <!-- Default test -->
  </suite> <!-- Default suite -->
</testng-results>
